<?xml version="1.0" encoding="UTF-8"?>
<!-- Generated by org.testng.reporters.JUnitReportReporter -->
<testsuite hostname="DESKTOP-LE77ON6" failures="0" tests="5" name="RectangleTestNGTest" time="0.002" errors="0" timestamp="2025-10-28T19:29:52 MSK" skipped="0">
  <testcase classname="RectangleTestNGTest" name="getAreaTest" time="0.000"/>
  <testcase classname="RectangleTestNGTest" name="constructorAndGetWidthTest" time="0.001"/>
  <testcase classname="RectangleTestNGTest" name="constructorAndGetLengthTest" time="0.001"/>
  <testcase classname="RectangleTestNGTest" name="setWidthAndGetWidthTest" time="0.000"/>
  <testcase classname="RectangleTestNGTest" name="setLengthAndGetLengthTest" time="0.000"/>
</testsuite> <!-- RectangleTestNGTest -->
