<?xml version="1.0" encoding="UTF-8"?>
<!-- Generated by org.testng.reporters.JUnitReportReporter -->
<testsuite hostname="DESKTOP-LE77ON6" failures="0" tests="2" name="EvenOddCheckerTestNGTest" time="0.008" errors="0" timestamp="2025-10-27T22:44:16 MSK" skipped="0">
  <testcase classname="EvenOddCheckerTestNGTest" name="oddNumTest" time="0.001"/>
  <testcase classname="EvenOddCheckerTestNGTest" name="evenNumTest" time="0.007"/>
</testsuite> <!-- EvenOddCheckerTestNGTest -->
