<?xml version="1.0" encoding="UTF-8"?>
<!-- Generated by org.testng.reporters.JUnitReportReporter -->
<testsuite hostname="DESKTOP-LE77ON6" failures="0" tests="4" name="CalculatorTestNGTest" time="0.008" errors="0" timestamp="2025-10-27T22:44:16 MSK" skipped="0">
  <testcase classname="CalculatorTestNGTest" name="substructionTest" time="0.001"/>
  <testcase classname="CalculatorTestNGTest" name="multiplicationTest" time="0.002"/>
  <testcase classname="CalculatorTestNGTest" name="additionTest" time="0.004"/>
  <testcase classname="CalculatorTestNGTest" name="divisionTest" time="0.001"/>
</testsuite> <!-- CalculatorTestNGTest -->
