<?xml version="1.0" encoding="UTF-8"?>
<!-- Generated by org.testng.reporters.JUnitReportReporter -->
<testsuite hostname="DESKTOP-LE77ON6" failures="0" tests="5" name="CalculatorTestNGTest" time="0.011" errors="0" timestamp="2025-10-28T19:29:52 MSK" skipped="0">
  <testcase classname="CalculatorTestNGTest" name="divisionByZeroTest" time="0.000"/>
  <testcase classname="CalculatorTestNGTest" name="additionTest" time="0.009"/>
  <testcase classname="CalculatorTestNGTest" name="substructionTest" time="0.000"/>
  <testcase classname="CalculatorTestNGTest" name="divisionTest" time="0.001"/>
  <testcase classname="CalculatorTestNGTest" name="multiplicationTest" time="0.001"/>
</testsuite> <!-- CalculatorTestNGTest -->
