<?xml version="1.0" encoding="UTF-8"?>
<!-- Generated by org.testng.reporters.JUnitReportReporter -->
<testsuite hostname="DESKTOP-LE77ON6" failures="0" tests="2" name="EvenOddCheckerTestNGTest" time="0.003" errors="0" timestamp="2025-10-28T19:29:52 MSK" skipped="0">
  <testcase classname="EvenOddCheckerTestNGTest" name="evenNumTest" time="0.002"/>
  <testcase classname="EvenOddCheckerTestNGTest" name="oddNumTest" time="0.001"/>
</testsuite> <!-- EvenOddCheckerTestNGTest -->
