<?xml version="1.0" encoding="UTF-8"?>
<testsuite xmlns:xsi="http://www.w3.org/2001/XMLSchema-instance" xsi:noNamespaceSchemaLocation="https://maven.apache.org/surefire/maven-surefire-plugin/xsd/surefire-test-report.xsd" version="3.0.2" name="TestSuite" time="0.51" tests="24" errors="0" skipped="0" failures="0">
  <properties>
    <property name="java.specification.version" value="23"/>
    <property name="sun.cpu.isalist" value="amd64"/>
    <property name="sun.jnu.encoding" value="Cp1251"/>
    <property name="java.class.path" value="C:\Users\Legion\Repos\UnitTestsDummy\target\test-classes;C:\Users\Legion\Repos\UnitTestsDummy\target\classes;C:\Users\Legion\.m2\repository\junit\junit\4.13.2\junit-4.13.2.jar;C:\Users\Legion\.m2\repository\org\hamcrest\hamcrest-core\1.3\hamcrest-core-1.3.jar;C:\Users\Legion\.m2\repository\org\testng\testng\7.8.0\testng-7.8.0.jar;C:\Users\Legion\.m2\repository\org\slf4j\slf4j-api\1.7.36\slf4j-api-1.7.36.jar;C:\Users\Legion\.m2\repository\com\beust\jcommander\1.82\jcommander-1.82.jar;C:\Users\Legion\.m2\repository\org\webjars\jquery\3.6.1\jquery-3.6.1.jar;"/>
    <property name="java.vm.vendor" value="Oracle Corporation"/>
    <property name="sun.arch.data.model" value="64"/>
    <property name="user.variant" value=""/>
    <property name="java.vendor.url" value="https://java.oracle.com/"/>
    <property name="user.timezone" value="Europe/Minsk"/>
    <property name="user.country.format" value="US"/>
    <property name="os.name" value="Windows 11"/>
    <property name="java.vm.specification.version" value="23"/>
    <property name="sun.java.launcher" value="SUN_STANDARD"/>
    <property name="user.country" value="RU"/>
    <property name="sun.boot.library.path" value="C:\Program Files\Java\jdk-23.0.1\bin"/>
    <property name="sun.java.command" value="C:\Users\Legion\AppData\Local\Temp\surefire13455378796955323588\surefirebooter-20251028192952242_3.jar C:\Users\Legion\AppData\Local\Temp\surefire13455378796955323588 2025-10-28T19-29-52_134-jvmRun1 surefire-20251028192952242_1tmp surefire_0-20251028192952242_2tmp"/>
    <property name="jdk.debug" value="release"/>
    <property name="surefire.test.class.path" value="C:\Users\Legion\Repos\UnitTestsDummy\target\test-classes;C:\Users\Legion\Repos\UnitTestsDummy\target\classes;C:\Users\Legion\.m2\repository\junit\junit\4.13.2\junit-4.13.2.jar;C:\Users\Legion\.m2\repository\org\hamcrest\hamcrest-core\1.3\hamcrest-core-1.3.jar;C:\Users\Legion\.m2\repository\org\testng\testng\7.8.0\testng-7.8.0.jar;C:\Users\Legion\.m2\repository\org\slf4j\slf4j-api\1.7.36\slf4j-api-1.7.36.jar;C:\Users\Legion\.m2\repository\com\beust\jcommander\1.82\jcommander-1.82.jar;C:\Users\Legion\.m2\repository\org\webjars\jquery\3.6.1\jquery-3.6.1.jar;"/>
    <property name="sun.cpu.endian" value="little"/>
    <property name="user.home" value="C:\Users\Legion"/>
    <property name="user.language" value="ru"/>
    <property name="java.specification.vendor" value="Oracle Corporation"/>
    <property name="java.version.date" value="2024-10-15"/>
    <property name="java.home" value="C:\Program Files\Java\jdk-23.0.1"/>
    <property name="file.separator" value="\"/>
    <property name="basedir" value="C:\Users\Legion\Repos\UnitTestsDummy"/>
    <property name="java.vm.compressedOopsMode" value="Zero based"/>
    <property name="line.separator" value="&#10;"/>
    <property name="java.vm.specification.vendor" value="Oracle Corporation"/>
    <property name="java.specification.name" value="Java Platform API Specification"/>
    <property name="surefire.real.class.path" value="C:\Users\Legion\AppData\Local\Temp\surefire13455378796955323588\surefirebooter-20251028192952242_3.jar"/>
    <property name="user.script" value=""/>
    <property name="sun.management.compiler" value="HotSpot 64-Bit Tiered Compilers"/>
    <property name="java.runtime.version" value="23.0.1+11-39"/>
    <property name="user.name" value="Legion"/>
    <property name="stdout.encoding" value="Cp1251"/>
    <property name="path.separator" value=";"/>
    <property name="os.version" value="10.0"/>
    <property name="java.runtime.name" value="OpenJDK Runtime Environment"/>
    <property name="file.encoding" value="UTF-8"/>
    <property name="java.vm.name" value="OpenJDK 64-Bit Server VM"/>
    <property name="localRepository" value="C:\Users\Legion\.m2\repository"/>
    <property name="java.vendor.url.bug" value="https://bugreport.java.com/bugreport/"/>
    <property name="java.io.tmpdir" value="C:\Users\Legion\AppData\Local\Temp\"/>
    <property name="java.version" value="23.0.1"/>
    <property name="user.dir" value="C:\Users\Legion\Repos\UnitTestsDummy"/>
    <property name="os.arch" value="amd64"/>
    <property name="java.vm.specification.name" value="Java Virtual Machine Specification"/>
    <property name="user.language.format" value="en"/>
    <property name="sun.os.patch.level" value=""/>
    <property name="native.encoding" value="Cp1251"/>
    <property name="java.library.path" value="C:\Program Files\Java\jdk-23.0.1\bin;C:\WINDOWS\Sun\Java\bin;C:\WINDOWS\system32;C:\WINDOWS;C:\Windows\system32;C:\Windows;C:\Windows\System32\Wbem;C:\Windows\System32\WindowsPowerShell\v1.0\;C:\Windows\System32\OpenSSH\;C:\Program Files (x86)\NVIDIA Corporation\PhysX\Common;C:\WINDOWS\system32;C:\WINDOWS;C:\WINDOWS\System32\Wbem;C:\WINDOWS\System32\WindowsPowerShell\v1.0\;C:\WINDOWS\System32\OpenSSH\;C:\Program Files\GitHub CLI\;C:\Program Files\Microsoft Network Monitor 3\;C:\Program Files\dotnet\;C:\Program Files\Microsoft SQL Server\130\Tools\Binn\;C:\Program Files\Microsoft SQL Server\Client SDK\ODBC\170\Tools\Binn\;C:\Program Files\Git\cmd;C:\Program Files\nodejs\;C:\Program Files\NVIDIA Corporation\NVIDIA app\NvDLISR;C:\Users\Legion\Repos\jars\apache-maven-3.9.11-bin\apache-maven-3.9.11\bin;C:\Users\Legion\AppData\Local\Programs\Python\Python311\Scripts\;C:\Users\Legion\AppData\Local\Programs\Python\Python311\;C:\Users\Legion\AppData\Local\Programs\Python\Python310\Scripts\;C:\Users\Legion\AppData\Local\Programs\Python\Python310\;C:\Users\Legion\AppData\Local\Microsoft\WindowsApps;C:\Users\Legion\AppData\Local\Programs\Microsoft VS Code\bin;C:\Users\Legion\AppData\Roaming\npm;C:\Program Files\Java\jdk-23.0.1\bin;C:\Program Files\JetBrains\IntelliJ IDEA Community Edition 2025.2.1\bin;."/>
    <property name="java.vm.info" value="mixed mode, sharing"/>
    <property name="stderr.encoding" value="Cp1251"/>
    <property name="java.vendor" value="Oracle Corporation"/>
    <property name="java.vm.version" value="23.0.1+11-39"/>
    <property name="sun.io.unicode.encoding" value="UnicodeLittle"/>
    <property name="java.class.version" value="67.0"/>
  </properties>
  <testcase name="additionTest" classname="CalculatorTestNGTest" time="0.005">
    <system-err><![CDATA[SLF4J: Failed to load class "org.slf4j.impl.StaticLoggerBinder".
SLF4J: Defaulting to no-operation (NOP) logger implementation
SLF4J: See http://www.slf4j.org/codes.html#StaticLoggerBinder for further details.
]]></system-err>
  </testcase>
  <testcase name="divisionByZeroTest" classname="CalculatorTestNGTest" time="0.0"/>
  <testcase name="divisionTest" classname="CalculatorTestNGTest" time="0.0"/>
  <testcase name="multiplicationTest" classname="CalculatorTestNGTest" time="0.0"/>
  <testcase name="substructionTest" classname="CalculatorTestNGTest" time="0.0"/>
  <testcase name="evenNumTest" classname="EvenOddCheckerTestNGTest" time="0.003">
    <system-out><![CDATA[Enter an Integer number:
Entered number is even
]]></system-out>
  </testcase>
  <testcase name="oddNumTest" classname="EvenOddCheckerTestNGTest" time="0.01">
    <system-out><![CDATA[Enter an Integer number:
Entered number is odd
]]></system-out>
  </testcase>
  <testcase name="constructorAndGetLengthTest" classname="RectangleTestNGTest" time="0.0"/>
  <testcase name="constructorAndGetWidthTest" classname="RectangleTestNGTest" time="0.0"/>
  <testcase name="getAreaTest" classname="RectangleTestNGTest" time="0.0"/>
  <testcase name="setLengthAndGetLengthTest" classname="RectangleTestNGTest" time="0.0"/>
  <testcase name="setWidthAndGetWidthTest" classname="RectangleTestNGTest" time="0.0"/>
  <testcase name="divisionByZeroTest on divisionByZeroTest(CalculatorJUnitTest)" classname="CalculatorJUnitTest" time="0.002"/>
  <testcase name="divisionTest on divisionTest(CalculatorJUnitTest)" classname="CalculatorJUnitTest" time="0.0"/>
  <testcase name="additionTest on additionTest(CalculatorJUnitTest)" classname="CalculatorJUnitTest" time="0.0"/>
  <testcase name="multiplicationTest on multiplicationTest(CalculatorJUnitTest)" classname="CalculatorJUnitTest" time="0.0"/>
  <testcase name="substructionTest on substructionTest(CalculatorJUnitTest)" classname="CalculatorJUnitTest" time="0.001"/>
  <testcase name="oddNumTest on oddNumTest(EvenOddCheckerJUnitTest)" classname="EvenOddCheckerJUnitTest" time="0.002">
    <system-out><![CDATA[Enter an Integer number:
Entered number is odd
]]></system-out>
  </testcase>
  <testcase name="evenNumTest on evenNumTest(EvenOddCheckerJUnitTest)" classname="EvenOddCheckerJUnitTest" time="0.001">
    <system-out><![CDATA[Enter an Integer number:
Entered number is even
]]></system-out>
  </testcase>
  <testcase name="constructorAndGetLengthTest on constructorAndGetLengthTest(RectangleJUnitTest)" classname="RectangleJUnitTest" time="0.0"/>
  <testcase name="setLengthAndGetLengthTest on setLengthAndGetLengthTest(RectangleJUnitTest)" classname="RectangleJUnitTest" time="0.001"/>
  <testcase name="getAreaTest on getAreaTest(RectangleJUnitTest)" classname="RectangleJUnitTest" time="0.0"/>
  <testcase name="constructorAndGetWidthTest on constructorAndGetWidthTest(RectangleJUnitTest)" classname="RectangleJUnitTest" time="0.0"/>
  <testcase name="setWidthAndGetWidthTest on setWidthAndGetWidthTest(RectangleJUnitTest)" classname="RectangleJUnitTest" time="0.0"/>
</testsuite>