<?xml version="1.0" encoding="UTF-8"?>
<!-- Generated by org.testng.reporters.JUnitReportReporter -->
<testsuite hostname="DESKTOP-LE77ON6" failures="0" tests="5" name="RectangleJUnitTest" time="0.007" errors="0" timestamp="2025-10-27T22:44:16 MSK" skipped="0">
  <testcase classname="RectangleJUnitTest" name="getAreaTest" time="0.002"/>
  <testcase classname="RectangleJUnitTest" name="setWidthAndGetWidthTest" time="0.001"/>
  <testcase classname="RectangleJUnitTest" name="setLengthAndGetLengthTest" time="0.001"/>
  <testcase classname="RectangleJUnitTest" name="constructorAndGetLengthTest" time="0.001"/>
  <testcase classname="RectangleJUnitTest" name="constructorAndGetWidthTest" time="0.002"/>
</testsuite> <!-- RectangleJUnitTest -->
