<?xml version="1.0" encoding="UTF-8"?>
<!-- Generated by org.testng.reporters.JUnitReportReporter -->
<testsuite hostname="DESKTOP-LE77ON6" failures="0" tests="5" name="CalculatorJUnitTest" time="0.051" errors="0" timestamp="2025-10-28T19:29:53 MSK" skipped="0">
  <testcase classname="CalculatorJUnitTest" name="substructionTest" time="0.010"/>
  <testcase classname="CalculatorJUnitTest" name="multiplicationTest" time="0.010"/>
  <testcase classname="CalculatorJUnitTest" name="divisionTest" time="0.011"/>
  <testcase classname="CalculatorJUnitTest" name="additionTest" time="0.010"/>
  <testcase classname="CalculatorJUnitTest" name="divisionByZeroTest" time="0.010"/>
</testsuite> <!-- CalculatorJUnitTest -->
