<?xml version="1.0" encoding="UTF-8"?>
<!-- Generated by org.testng.reporters.JUnitReportReporter -->
<testsuite hostname="DESKTOP-LE77ON6" failures="0" tests="4" name="CalculatorJUnitTest" time="0.049" errors="0" timestamp="2025-10-27T22:44:16 MSK" skipped="0">
  <testcase classname="CalculatorJUnitTest" name="divisionTest" time="0.013"/>
  <testcase classname="CalculatorJUnitTest" name="multiplicationTest" time="0.012"/>
  <testcase classname="CalculatorJUnitTest" name="additionTest" time="0.012"/>
  <testcase classname="CalculatorJUnitTest" name="substructionTest" time="0.012"/>
</testsuite> <!-- CalculatorJUnitTest -->
