<?xml version="1.0" encoding="UTF-8"?>
<!-- Generated by org.testng.reporters.JUnitReportReporter -->
<testsuite hostname="DESKTOP-LE77ON6" failures="0" tests="2" name="EvenOddCheckerJUnitTest" time="0.000" errors="0" timestamp="2025-10-28T19:29:53 MSK" skipped="0">
  <testcase classname="EvenOddCheckerJUnitTest" name="evenNumTest" time="0.000"/>
  <testcase classname="EvenOddCheckerJUnitTest" name="oddNumTest" time="0.000"/>
</testsuite> <!-- EvenOddCheckerJUnitTest -->
